<?xml version="1.0" encoding="UTF-8"?>
<testsuite xmlns:xsi="http://www.w3.org/2001/XMLSchema-instance" xsi:noNamespaceSchemaLocation="https://maven.apache.org/surefire/maven-surefire-plugin/xsd/surefire-test-report.xsd" name="TestSuite" time="3.353" tests="5" errors="0" skipped="0" failures="0">
  <properties>
    <property name="sun.desktop" value="windows"/>
    <property name="awt.toolkit" value="sun.awt.windows.WToolkit"/>
    <property name="file.encoding.pkg" value="sun.io"/>
    <property name="java.specification.version" value="1.8"/>
    <property name="sun.cpu.isalist" value="amd64"/>
    <property name="sun.jnu.encoding" value="GBK"/>
    <property name="java.class.path" value="C:\Users\Administrator\Desktop\new\target\test-classes;C:\Users\Administrator\Desktop\new\target\classes;C:\Users\Administrator\.m2\repository\org\testng\testng\6.10\testng-6.10.jar;C:\Users\Administrator\.m2\repository\com\beust\jcommander\1.48\jcommander-1.48.jar;C:\Users\Administrator\.m2\repository\velocity\velocity-dep\1.4\velocity-dep-1.4.jar;C:\Users\Administrator\.m2\repository\com\google\inject\guice\3.0\guice-3.0.jar;C:\Users\Administrator\.m2\repository\javax\inject\javax.inject\1\javax.inject-1.jar;C:\Users\Administrator\.m2\repository\aopalliance\aopalliance\1.0\aopalliance-1.0.jar;C:\Users\Administrator\.m2\repository\org\uncommons\reportng\1.1.4\reportng-1.1.4.jar;C:\Users\Administrator\.m2\repository\velocity\velocity\1.4\velocity-1.4.jar;C:\Users\Administrator\.m2\repository\org\apache\maven\surefire\surefire-testng-utils\2.20.1\surefire-testng-utils-2.20.1.jar;C:\Users\Administrator\.m2\repository\org\apache\maven\surefire\surefire-grouper\2.20.1\surefire-grouper-2.20.1.jar;"/>
    <property name="java.vm.vendor" value="Oracle Corporation"/>
    <property name="sun.arch.data.model" value="64"/>
    <property name="user.variant" value=""/>
    <property name="java.vendor.url" value="http://java.oracle.com/"/>
    <property name="user.timezone" value=""/>
    <property name="java.vm.specification.version" value="1.8"/>
    <property name="os.name" value="Windows 7"/>
    <property name="user.country" value="CN"/>
    <property name="sun.java.launcher" value="SUN_STANDARD"/>
    <property name="sun.boot.library.path" value="E:\testfanCourse\autotestpath\Java\jdk1.8.0_121\jre\bin"/>
    <property name="sun.java.command" value="C:\Users\ADMINI~1\AppData\Local\Temp\surefire7033195801591959126\surefirebooter4279001391370790366.jar C:\Users\Administrator\AppData\Local\Temp\surefire7033195801591959126 2018-10-30T22-14-35_853-jvmRun1 surefire714552712620174605tmp surefire_01861421624694581206tmp"/>
    <property name="surefire.test.class.path" value="C:\Users\Administrator\Desktop\new\target\test-classes;C:\Users\Administrator\Desktop\new\target\classes;C:\Users\Administrator\.m2\repository\org\testng\testng\6.10\testng-6.10.jar;C:\Users\Administrator\.m2\repository\com\beust\jcommander\1.48\jcommander-1.48.jar;C:\Users\Administrator\.m2\repository\velocity\velocity-dep\1.4\velocity-dep-1.4.jar;C:\Users\Administrator\.m2\repository\com\google\inject\guice\3.0\guice-3.0.jar;C:\Users\Administrator\.m2\repository\javax\inject\javax.inject\1\javax.inject-1.jar;C:\Users\Administrator\.m2\repository\aopalliance\aopalliance\1.0\aopalliance-1.0.jar;C:\Users\Administrator\.m2\repository\org\uncommons\reportng\1.1.4\reportng-1.1.4.jar;C:\Users\Administrator\.m2\repository\velocity\velocity\1.4\velocity-1.4.jar;C:\Users\Administrator\.m2\repository\org\apache\maven\surefire\surefire-testng-utils\2.20.1\surefire-testng-utils-2.20.1.jar;C:\Users\Administrator\.m2\repository\org\apache\maven\surefire\surefire-grouper\2.20.1\surefire-grouper-2.20.1.jar;"/>
    <property name="sun.cpu.endian" value="little"/>
    <property name="user.home" value="C:\Users\Administrator"/>
    <property name="user.language" value="zh"/>
    <property name="java.specification.vendor" value="Oracle Corporation"/>
    <property name="java.home" value="E:\testfanCourse\autotestpath\Java\jdk1.8.0_121\jre"/>
    <property name="basedir" value="C:\Users\Administrator\Desktop\new"/>
    <property name="file.separator" value="\"/>
    <property name="line.separator" value="&#10;"/>
    <property name="java.vm.specification.vendor" value="Oracle Corporation"/>
    <property name="java.specification.name" value="Java Platform API Specification"/>
    <property name="java.awt.graphicsenv" value="sun.awt.Win32GraphicsEnvironment"/>
    <property name="surefire.real.class.path" value="C:\Users\ADMINI~1\AppData\Local\Temp\surefire7033195801591959126\surefirebooter4279001391370790366.jar"/>
    <property name="sun.boot.class.path" value="E:\testfanCourse\autotestpath\Java\jdk1.8.0_121\jre\lib\resources.jar;E:\testfanCourse\autotestpath\Java\jdk1.8.0_121\jre\lib\rt.jar;E:\testfanCourse\autotestpath\Java\jdk1.8.0_121\jre\lib\sunrsasign.jar;E:\testfanCourse\autotestpath\Java\jdk1.8.0_121\jre\lib\jsse.jar;E:\testfanCourse\autotestpath\Java\jdk1.8.0_121\jre\lib\jce.jar;E:\testfanCourse\autotestpath\Java\jdk1.8.0_121\jre\lib\charsets.jar;E:\testfanCourse\autotestpath\Java\jdk1.8.0_121\jre\lib\jfr.jar;E:\testfanCourse\autotestpath\Java\jdk1.8.0_121\jre\classes"/>
    <property name="user.script" value=""/>
    <property name="sun.management.compiler" value="HotSpot 64-Bit Tiered Compilers"/>
    <property name="java.runtime.version" value="1.8.0_121-b13"/>
    <property name="user.name" value="Administrator"/>
    <property name="path.separator" value=";"/>
    <property name="os.version" value="6.1"/>
    <property name="java.endorsed.dirs" value="E:\testfanCourse\autotestpath\Java\jdk1.8.0_121\jre\lib\endorsed"/>
    <property name="java.runtime.name" value="Java(TM) SE Runtime Environment"/>
    <property name="file.encoding" value="GBK"/>
    <property name="java.vm.name" value="Java HotSpot(TM) 64-Bit Server VM"/>
    <property name="localRepository" value="C:\Users\Administrator\.m2\repository"/>
    <property name="java.vendor.url.bug" value="http://bugreport.sun.com/bugreport/"/>
    <property name="java.io.tmpdir" value="C:\Users\ADMINI~1\AppData\Local\Temp\"/>
    <property name="java.version" value="1.8.0_121"/>
    <property name="user.dir" value="C:\Users\Administrator\Desktop\new"/>
    <property name="os.arch" value="amd64"/>
    <property name="java.vm.specification.name" value="Java Virtual Machine Specification"/>
    <property name="java.awt.printerjob" value="sun.awt.windows.WPrinterJob"/>
    <property name="sun.os.patch.level" value="Service Pack 1"/>
    <property name="java.library.path" value="E:\testfanCourse\autotestpath\Java\jdk1.8.0_121\jre\bin;C:\Windows\Sun\Java\bin;C:\Windows\system32;C:\Windows;E:/testfanCourse/autotestpath/Java/jre1.8.0_121/bin/server;E:/testfanCourse/autotestpath/Java/jre1.8.0_121/bin;E:/testfanCourse/autotestpath/Java/jre1.8.0_121/lib/amd64;C:\ProgramData\Oracle\Java\javapath;C:\Windows\system32;C:\Windows;C:\Windows\System32\Wbem;C:\Windows\System32\WindowsPowerShell\v1.0\;E:\testfanCourse\autotestpath\android-sdk_r24.4.1-windows\android-sdk_r24.4.1-windows\sdk\platform-tools;E:\testfanCourse\autotestpath\android-sdk_r24.4.1-windows\android-sdk_r24.4.1-windows\sdk\tools;E:\testfanCourse\autotestpath\Java\jdk1.8.0_121\bin;E:\testfanCourse\autotestpath\Git\cmd;E:\testfanCourse\autotestpath\apache-ant-1.10.5-bin\apache-ant-1.10.5\bin;E:\testfanCourse\autotestpath\nodejs\;E:\testfanCourse\autotestpath\apache-maven-3.5.4\bin;C:\Users\Administrator\AppData\Roaming\npm;E:\testfanCourse\autotestpath\Fiddler;E:\testfanCourse\autotestpath\eclipse-jee-neon-2-win32-x86_64\eclipse;;."/>
    <property name="java.vm.info" value="mixed mode"/>
    <property name="java.vendor" value="Oracle Corporation"/>
    <property name="java.vm.version" value="25.121-b13"/>
    <property name="java.ext.dirs" value="E:\testfanCourse\autotestpath\Java\jdk1.8.0_121\jre\lib\ext;C:\Windows\Sun\Java\lib\ext"/>
    <property name="sun.io.unicode.encoding" value="UnicodeLittle"/>
    <property name="java.class.version" value="52.0"/>
  </properties>
  <testcase name="test_001" classname="com.test.two.NewTest" time="0.016"/>
  <testcase name="test_002" classname="com.test.two.NewTest" time="0"/>
  <testcase name="test_003" classname="com.test.two.NewTest" time="0"/>
  <testcase name="test_004" classname="com.test.two.NewTest" time="0.001"/>
  <testcase name="test_005" classname="com.test.two.NewTest" time="0"/>
</testsuite>