<?xml version="1.0" encoding="UTF-8"?>
<!-- Generated by org.testng.reporters.JUnitReportReporter -->
<testsuite skipped="0" hostname="ORL1R9RVTXJ2H1G" name="com.test.two.NewTest" tests="5" failures="0" timestamp="30 十月 2018 14:12:48 GMT" time="0.054" errors="0">
  <testcase name="test_005" time="0.002" classname="com.test.two.NewTest"/>
  <testcase name="test_003" time="0.011" classname="com.test.two.NewTest"/>
  <testcase name="test_004" time="0.002" classname="com.test.two.NewTest"/>
  <testcase name="test_002" time="0.006" classname="com.test.two.NewTest"/>
  <testcase name="test_001" time="0.033" classname="com.test.two.NewTest"/>
</testsuite> <!-- com.test.two.NewTest -->
