<?xml version="1.0" encoding="UTF-8"?>
<!-- Generated by org.testng.reporters.JUnitReportReporter -->
<testsuite name="com.test.two.NewTest" tests="2" time="0.004" ignored="0" failures="0" timestamp="28 十月 2018 13:36:54 GMT" skipped="0" hostname="ORL1R9RVTXJ2H1G" errors="0">
  <testcase name="test_002" time="0.002" classname="com.test.two.NewTest"/>
  <testcase name="test_001" time="0.002" classname="com.test.two.NewTest"/>
</testsuite> <!-- com.test.two.NewTest -->
