<?xml version="1.0" encoding="UTF-8"?>
<!-- Generated by org.testng.reporters.JUnitReportReporter -->
<testsuite name="com.test.two.NewTest" tests="5" time="0.027" ignored="0" failures="0" timestamp="30 十月 2018 14:14:43 GMT" skipped="0" hostname="ORL1R9RVTXJ2H1G" errors="0">
  <testcase name="test_001" time="0.025" classname="com.test.two.NewTest"/>
  <testcase name="test_003" time="0.000" classname="com.test.two.NewTest"/>
  <testcase name="test_005" time="0.000" classname="com.test.two.NewTest"/>
  <testcase name="test_004" time="0.001" classname="com.test.two.NewTest"/>
  <testcase name="test_002" time="0.001" classname="com.test.two.NewTest"/>
</testsuite> <!-- com.test.two.NewTest -->
